{"/mnt/c/Users/1527t/Desktop/FYF React/fyf-react-app/Combinations.js": {"path":"/mnt/c/Users/1527t/Desktop/FYF React/fyf-react-app/Combinations.js","statementMap":{"0":{"start":{"line":1,"column":0},"end":{"line":212,"column":2}},"1":{"start":{"line":4,"column":20},"end":{"line":4,"column":21}},"2":{"start":{"line":5,"column":20},"end":{"line":5,"column":21}},"3":{"start":{"line":6,"column":18},"end":{"line":6,"column":20}},"4":{"start":{"line":7,"column":21},"end":{"line":7,"column":23}},"5":{"start":{"line":9,"column":18},"end":{"line":9,"column":32}},"6":{"start":{"line":10,"column":19},"end":{"line":10,"column":22}},"7":{"start":{"line":13,"column":16},"end":{"line":13,"column":18}},"8":{"start":{"line":16,"column":16},"end":{"line":51,"column":5}},"9":{"start":{"line":18,"column":6},"end":{"line":18,"column":29}},"10":{"start":{"line":18,"column":22},"end":{"line":18,"column":29}},"11":{"start":{"line":20,"column":6},"end":{"line":44,"column":7}},"12":{"start":{"line":23,"column":23},"end":{"line":28,"column":9}},"13":{"start":{"line":29,"column":8},"end":{"line":39,"column":9}},"14":{"start":{"line":29,"column":21},"end":{"line":29,"column":22}},"15":{"start":{"line":30,"column":10},"end":{"line":38,"column":11}},"16":{"start":{"line":31,"column":12},"end":{"line":31,"column":32}},"17":{"start":{"line":32,"column":17},"end":{"line":38,"column":11}},"18":{"start":{"line":33,"column":12},"end":{"line":33,"column":32}},"19":{"start":{"line":34,"column":17},"end":{"line":38,"column":11}},"20":{"start":{"line":35,"column":12},"end":{"line":35,"column":30}},"21":{"start":{"line":36,"column":17},"end":{"line":38,"column":11}},"22":{"start":{"line":37,"column":12},"end":{"line":37,"column":33}},"23":{"start":{"line":41,"column":8},"end":{"line":41,"column":25}},"24":{"start":{"line":43,"column":8},"end":{"line":43,"column":15}},"25":{"start":{"line":46,"column":6},"end":{"line":50,"column":7}},"26":{"start":{"line":46,"column":19},"end":{"line":46,"column":20}},"27":{"start":{"line":47,"column":8},"end":{"line":47,"column":32}},"28":{"start":{"line":48,"column":8},"end":{"line":48,"column":51}},"29":{"start":{"line":49,"column":8},"end":{"line":49,"column":23}},"30":{"start":{"line":53,"column":4},"end":{"line":53,"column":30}},"31":{"start":{"line":60,"column":4},"end":{"line":60,"column":15}},"32":{"start":{"line":85,"column":4},"end":{"line":87,"column":5}},"33":{"start":{"line":86,"column":6},"end":{"line":86,"column":54}},"34":{"start":{"line":90,"column":18},"end":{"line":90,"column":20}},"35":{"start":{"line":93,"column":21},"end":{"line":93,"column":23}},"36":{"start":{"line":95,"column":4},"end":{"line":97,"column":5}},"37":{"start":{"line":96,"column":6},"end":{"line":96,"column":63}},"38":{"start":{"line":99,"column":4},"end":{"line":101,"column":7}},"39":{"start":{"line":100,"column":6},"end":{"line":100,"column":25}},"40":{"start":{"line":103,"column":27},"end":{"line":103,"column":29}},"41":{"start":{"line":105,"column":4},"end":{"line":107,"column":7}},"42":{"start":{"line":106,"column":6},"end":{"line":106,"column":40}},"43":{"start":{"line":109,"column":4},"end":{"line":111,"column":5}},"44":{"start":{"line":110,"column":6},"end":{"line":110,"column":35}},"45":{"start":{"line":117,"column":32},"end":{"line":117,"column":59}},"46":{"start":{"line":118,"column":19},"end":{"line":118,"column":28}},"47":{"start":{"line":119,"column":4},"end":{"line":128,"column":5}},"48":{"start":{"line":119,"column":17},"end":{"line":119,"column":18}},"49":{"start":{"line":121,"column":6},"end":{"line":127,"column":7}},"50":{"start":{"line":122,"column":8},"end":{"line":124,"column":10}},"51":{"start":{"line":126,"column":8},"end":{"line":126,"column":59}},"52":{"start":{"line":132,"column":30},"end":{"line":132,"column":38}},"53":{"start":{"line":134,"column":4},"end":{"line":136,"column":5}},"54":{"start":{"line":134,"column":21},"end":{"line":134,"column":22}},"55":{"start":{"line":135,"column":6},"end":{"line":135,"column":54}},"56":{"start":{"line":138,"column":28},"end":{"line":138,"column":30}},"57":{"start":{"line":139,"column":4},"end":{"line":142,"column":5}},"58":{"start":{"line":139,"column":21},"end":{"line":139,"column":22}},"59":{"start":{"line":139,"column":28},"end":{"line":139,"column":29}},"60":{"start":{"line":140,"column":33},"end":{"line":140,"column":59}},"61":{"start":{"line":141,"column":6},"end":{"line":141,"column":57}},"62":{"start":{"line":145,"column":19},"end":{"line":145,"column":36}},"63":{"start":{"line":148,"column":16},"end":{"line":148,"column":18}},"64":{"start":{"line":151,"column":16},"end":{"line":207,"column":5}},"65":{"start":{"line":153,"column":6},"end":{"line":153,"column":29}},"66":{"start":{"line":153,"column":22},"end":{"line":153,"column":29}},"67":{"start":{"line":155,"column":6},"end":{"line":200,"column":7}},"68":{"start":{"line":158,"column":23},"end":{"line":158,"column":25}},"69":{"start":{"line":159,"column":29},"end":{"line":159,"column":31}},"70":{"start":{"line":177,"column":8},"end":{"line":182,"column":9}},"71":{"start":{"line":178,"column":28},"end":{"line":178,"column":49}},"72":{"start":{"line":180,"column":10},"end":{"line":180,"column":27}},"73":{"start":{"line":181,"column":10},"end":{"line":181,"column":41}},"74":{"start":{"line":190,"column":8},"end":{"line":195,"column":9}},"75":{"start":{"line":190,"column":21},"end":{"line":190,"column":22}},"76":{"start":{"line":191,"column":30},"end":{"line":191,"column":55}},"77":{"start":{"line":192,"column":10},"end":{"line":194,"column":11}},"78":{"start":{"line":193,"column":12},"end":{"line":193,"column":37}},"79":{"start":{"line":197,"column":8},"end":{"line":197,"column":25}},"80":{"start":{"line":199,"column":8},"end":{"line":199,"column":15}},"81":{"start":{"line":202,"column":6},"end":{"line":206,"column":7}},"82":{"start":{"line":202,"column":19},"end":{"line":202,"column":20}},"83":{"start":{"line":203,"column":8},"end":{"line":203,"column":32}},"84":{"start":{"line":204,"column":8},"end":{"line":204,"column":51}},"85":{"start":{"line":205,"column":8},"end":{"line":205,"column":23}},"86":{"start":{"line":209,"column":4},"end":{"line":209,"column":30}},"87":{"start":{"line":210,"column":4},"end":{"line":210,"column":15}}},"fnMap":{"0":{"name":"(anonymous_0)","decl":{"start":{"line":2,"column":20},"end":{"line":2,"column":21}},"loc":{"start":{"line":2,"column":26},"end":{"line":61,"column":3}},"line":2},"1":{"name":"(anonymous_1)","decl":{"start":{"line":16,"column":16},"end":{"line":16,"column":17}},"loc":{"start":{"line":16,"column":48},"end":{"line":51,"column":5}},"line":16},"2":{"name":"(anonymous_2)","decl":{"start":{"line":62,"column":29},"end":{"line":62,"column":30}},"loc":{"start":{"line":62,"column":46},"end":{"line":211,"column":3}},"line":62},"3":{"name":"(anonymous_3)","decl":{"start":{"line":99,"column":18},"end":{"line":99,"column":19}},"loc":{"start":{"line":99,"column":28},"end":{"line":101,"column":5}},"line":99},"4":{"name":"(anonymous_4)","decl":{"start":{"line":105,"column":21},"end":{"line":105,"column":22}},"loc":{"start":{"line":105,"column":31},"end":{"line":107,"column":5}},"line":105},"5":{"name":"(anonymous_5)","decl":{"start":{"line":151,"column":16},"end":{"line":151,"column":17}},"loc":{"start":{"line":151,"column":48},"end":{"line":207,"column":5}},"line":151}},"branchMap":{"0":{"loc":{"start":{"line":18,"column":6},"end":{"line":18,"column":29}},"type":"if","locations":[{"start":{"line":18,"column":6},"end":{"line":18,"column":29}},{"start":{},"end":{}}],"line":18},"1":{"loc":{"start":{"line":20,"column":6},"end":{"line":44,"column":7}},"type":"if","locations":[{"start":{"line":20,"column":6},"end":{"line":44,"column":7}},{"start":{},"end":{}}],"line":20},"2":{"loc":{"start":{"line":30,"column":10},"end":{"line":38,"column":11}},"type":"if","locations":[{"start":{"line":30,"column":10},"end":{"line":38,"column":11}},{"start":{"line":32,"column":17},"end":{"line":38,"column":11}}],"line":30},"3":{"loc":{"start":{"line":32,"column":17},"end":{"line":38,"column":11}},"type":"if","locations":[{"start":{"line":32,"column":17},"end":{"line":38,"column":11}},{"start":{"line":34,"column":17},"end":{"line":38,"column":11}}],"line":32},"4":{"loc":{"start":{"line":34,"column":17},"end":{"line":38,"column":11}},"type":"if","locations":[{"start":{"line":34,"column":17},"end":{"line":38,"column":11}},{"start":{"line":36,"column":17},"end":{"line":38,"column":11}}],"line":34},"5":{"loc":{"start":{"line":36,"column":17},"end":{"line":38,"column":11}},"type":"if","locations":[{"start":{"line":36,"column":17},"end":{"line":38,"column":11}},{"start":{},"end":{}}],"line":36},"6":{"loc":{"start":{"line":85,"column":4},"end":{"line":87,"column":5}},"type":"if","locations":[{"start":{"line":85,"column":4},"end":{"line":87,"column":5}},{"start":{},"end":{}}],"line":85},"7":{"loc":{"start":{"line":121,"column":6},"end":{"line":127,"column":7}},"type":"if","locations":[{"start":{"line":121,"column":6},"end":{"line":127,"column":7}},{"start":{"line":125,"column":13},"end":{"line":127,"column":7}}],"line":121},"8":{"loc":{"start":{"line":153,"column":6},"end":{"line":153,"column":29}},"type":"if","locations":[{"start":{"line":153,"column":6},"end":{"line":153,"column":29}},{"start":{},"end":{}}],"line":153},"9":{"loc":{"start":{"line":155,"column":6},"end":{"line":200,"column":7}},"type":"if","locations":[{"start":{"line":155,"column":6},"end":{"line":200,"column":7}},{"start":{},"end":{}}],"line":155},"10":{"loc":{"start":{"line":192,"column":10},"end":{"line":194,"column":11}},"type":"if","locations":[{"start":{"line":192,"column":10},"end":{"line":194,"column":11}},{"start":{},"end":{}}],"line":192}},"s":{"0":1,"1":1,"2":1,"3":1,"4":1,"5":1,"6":1,"7":1,"8":1,"9":11996,"10":5034,"11":6962,"12":242,"13":242,"14":242,"15":8864,"16":6720,"17":2144,"18":1344,"19":800,"20":616,"21":184,"22":184,"23":242,"24":242,"25":6720,"26":6720,"27":11995,"28":11995,"29":11995,"30":1,"31":1,"32":5,"33":1,"34":4,"35":4,"36":4,"37":11,"38":4,"39":8,"40":4,"41":4,"42":11,"43":4,"44":11,"45":4,"46":4,"47":4,"48":4,"49":10,"50":1,"51":9,"52":3,"53":3,"54":3,"55":8,"56":3,"57":3,"58":3,"59":3,"60":8,"61":8,"62":3,"63":3,"64":3,"65":12755,"66":6434,"67":6321,"68":192,"69":192,"70":192,"71":759,"72":759,"73":759,"74":192,"75":192,"76":7912,"77":7912,"78":7912,"79":192,"80":192,"81":6129,"82":6129,"83":12752,"84":12752,"85":12752,"86":3,"87":3},"f":{"0":1,"1":11996,"2":5,"3":8,"4":11,"5":12755},"b":{"0":[5034,6962],"1":[242,6720],"2":[6720,2144],"3":[1344,800],"4":[616,184],"5":[184,0],"6":[1,4],"7":[1,9],"8":[6434,6321],"9":[192,6129],"10":[7912,0]},"_coverageSchema":"1a1c01bbd47fc00a2c39e90264f33305004495a9","hash":"879f6613efb4e6bf7d18005118e27ae839a56d5a"}
,"/mnt/c/Users/1527t/Desktop/FYF React/fyf-react-app/client/src/App.js": {"path":"/mnt/c/Users/1527t/Desktop/FYF React/fyf-react-app/client/src/App.js","statementMap":{"0":{"start":{"line":11,"column":12},"end":{"line":43,"column":1}},"1":{"start":{"line":12,"column":36},"end":{"line":12,"column":46}},"2":{"start":{"line":14,"column":25},"end":{"line":17,"column":3}},"3":{"start":{"line":15,"column":21},"end":{"line":15,"column":78}},"4":{"start":{"line":16,"column":4},"end":{"line":16,"column":32}},"5":{"start":{"line":19,"column":2},"end":{"line":21,"column":9}},"6":{"start":{"line":20,"column":4},"end":{"line":20,"column":21}},"7":{"start":{"line":23,"column":2},"end":{"line":42,"column":4}}},"fnMap":{"0":{"name":"(anonymous_0)","decl":{"start":{"line":11,"column":12},"end":{"line":11,"column":13}},"loc":{"start":{"line":11,"column":18},"end":{"line":43,"column":1}},"line":11},"1":{"name":"(anonymous_1)","decl":{"start":{"line":14,"column":25},"end":{"line":14,"column":26}},"loc":{"start":{"line":14,"column":37},"end":{"line":17,"column":3}},"line":14},"2":{"name":"(anonymous_2)","decl":{"start":{"line":19,"column":12},"end":{"line":19,"column":13}},"loc":{"start":{"line":19,"column":18},"end":{"line":21,"column":3}},"line":19}},"branchMap":{},"s":{"0":1,"1":1,"2":1,"3":1,"4":0,"5":1,"6":1,"7":1},"f":{"0":1,"1":1,"2":1},"b":{},"_coverageSchema":"1a1c01bbd47fc00a2c39e90264f33305004495a9","hash":"2bee8674740c342f1764389a16acf903848eede2"}
,"/mnt/c/Users/1527t/Desktop/FYF React/fyf-react-app/client/src/components/EndpointOnePage.jsx": {"path":"/mnt/c/Users/1527t/Desktop/FYF React/fyf-react-app/client/src/components/EndpointOnePage.jsx","statementMap":{"0":{"start":{"line":5,"column":21},"end":{"line":20,"column":1}},"1":{"start":{"line":7,"column":4},"end":{"line":19,"column":5}}},"fnMap":{"0":{"name":"(anonymous_0)","decl":{"start":{"line":5,"column":21},"end":{"line":5,"column":22}},"loc":{"start":{"line":5,"column":40},"end":{"line":20,"column":1}},"line":5}},"branchMap":{},"s":{"0":1,"1":0},"f":{"0":0},"b":{},"_coverageSchema":"1a1c01bbd47fc00a2c39e90264f33305004495a9","hash":"eff6cf3b5e5693c4f109113fbad17908da265208"}
,"/mnt/c/Users/1527t/Desktop/FYF React/fyf-react-app/client/src/components/EndpointTwoPage.jsx": {"path":"/mnt/c/Users/1527t/Desktop/FYF React/fyf-react-app/client/src/components/EndpointTwoPage.jsx","statementMap":{"0":{"start":{"line":6,"column":24},"end":{"line":24,"column":1}},"1":{"start":{"line":8,"column":20},"end":{"line":8,"column":32}},"2":{"start":{"line":10,"column":21},"end":{"line":10,"column":43}},"3":{"start":{"line":12,"column":4},"end":{"line":23,"column":5}}},"fnMap":{"0":{"name":"(anonymous_0)","decl":{"start":{"line":6,"column":24},"end":{"line":6,"column":25}},"loc":{"start":{"line":6,"column":30},"end":{"line":24,"column":1}},"line":6}},"branchMap":{},"s":{"0":1,"1":0,"2":0,"3":0},"f":{"0":0},"b":{},"_coverageSchema":"1a1c01bbd47fc00a2c39e90264f33305004495a9","hash":"5799c480ab42d403e0db580d022f858b4d95deda"}
,"/mnt/c/Users/1527t/Desktop/FYF React/fyf-react-app/client/src/components/FormPage.jsx": {"path":"/mnt/c/Users/1527t/Desktop/FYF React/fyf-react-app/client/src/components/FormPage.jsx","statementMap":{"0":{"start":{"line":11,"column":24},"end":{"line":84,"column":1}},"1":{"start":{"line":13,"column":48},"end":{"line":13,"column":57}},"2":{"start":{"line":14,"column":39},"end":{"line":17,"column":6}},"3":{"start":{"line":20,"column":29},"end":{"line":40,"column":5}},"4":{"start":{"line":21,"column":8},"end":{"line":39,"column":9}},"5":{"start":{"line":22,"column":25},"end":{"line":22,"column":27}},"6":{"start":{"line":23,"column":12},"end":{"line":25,"column":14}},"7":{"start":{"line":24,"column":16},"end":{"line":24,"column":44}},"8":{"start":{"line":27,"column":29},"end":{"line":33,"column":14}},"9":{"start":{"line":35,"column":12},"end":{"line":35,"column":47}},"10":{"start":{"line":38,"column":12},"end":{"line":38,"column":31}},"11":{"start":{"line":42,"column":20},"end":{"line":42,"column":32}},"12":{"start":{"line":44,"column":21},"end":{"line":48,"column":5}},"13":{"start":{"line":45,"column":29},"end":{"line":45,"column":33}},"14":{"start":{"line":47,"column":8},"end":{"line":47,"column":35}},"15":{"start":{"line":50,"column":4},"end":{"line":83,"column":5}},"16":{"start":{"line":58,"column":20},"end":{"line":74,"column":21}},"17":{"start":{"line":69,"column":73},"end":{"line":69,"column":86}},"18":{"start":{"line":77,"column":53},"end":{"line":77,"column":63}}},"fnMap":{"0":{"name":"(anonymous_0)","decl":{"start":{"line":11,"column":24},"end":{"line":11,"column":25}},"loc":{"start":{"line":11,"column":30},"end":{"line":84,"column":1}},"line":11},"1":{"name":"(anonymous_1)","decl":{"start":{"line":20,"column":29},"end":{"line":20,"column":30}},"loc":{"start":{"line":20,"column":49},"end":{"line":40,"column":5}},"line":20},"2":{"name":"(anonymous_2)","decl":{"start":{"line":23,"column":25},"end":{"line":23,"column":26}},"loc":{"start":{"line":23,"column":35},"end":{"line":25,"column":13}},"line":23},"3":{"name":"(anonymous_3)","decl":{"start":{"line":44,"column":21},"end":{"line":44,"column":22}},"loc":{"start":{"line":44,"column":31},"end":{"line":48,"column":5}},"line":44},"4":{"name":"(anonymous_4)","decl":{"start":{"line":57,"column":28},"end":{"line":57,"column":29}},"loc":{"start":{"line":57,"column":61},"end":{"line":75,"column":17}},"line":57},"5":{"name":"(anonymous_5)","decl":{"start":{"line":69,"column":67},"end":{"line":69,"column":68}},"loc":{"start":{"line":69,"column":73},"end":{"line":69,"column":86}},"line":69},"6":{"name":"(anonymous_6)","decl":{"start":{"line":77,"column":47},"end":{"line":77,"column":48}},"loc":{"start":{"line":77,"column":53},"end":{"line":77,"column":63}},"line":77}},"branchMap":{},"s":{"0":1,"1":0,"2":0,"3":0,"4":0,"5":0,"6":0,"7":0,"8":0,"9":0,"10":0,"11":0,"12":0,"13":0,"14":0,"15":0,"16":0,"17":0,"18":0},"f":{"0":0,"1":0,"2":0,"3":0,"4":0,"5":0,"6":0},"b":{},"_coverageSchema":"1a1c01bbd47fc00a2c39e90264f33305004495a9","hash":"197c31fd27f8482d88303346ee2a6703312c6d27"}
,"/mnt/c/Users/1527t/Desktop/FYF React/fyf-react-app/client/src/components/HomePage.jsx": {"path":"/mnt/c/Users/1527t/Desktop/FYF React/fyf-react-app/client/src/components/HomePage.jsx","statementMap":{"0":{"start":{"line":9,"column":17},"end":{"line":38,"column":1}},"1":{"start":{"line":11,"column":4},"end":{"line":37,"column":5}}},"fnMap":{"0":{"name":"(anonymous_0)","decl":{"start":{"line":9,"column":17},"end":{"line":9,"column":18}},"loc":{"start":{"line":9,"column":23},"end":{"line":38,"column":1}},"line":9}},"branchMap":{},"s":{"0":1,"1":1},"f":{"0":1},"b":{},"_coverageSchema":"1a1c01bbd47fc00a2c39e90264f33305004495a9","hash":"8964d0ecf102a6f9c467ae769d43f57b22680f1c"}
}
