TN:
SF:Combinations.js
FN:2,(anonymous_0)
FN:16,(anonymous_1)
FN:62,(anonymous_2)
FN:99,(anonymous_3)
FN:105,(anonymous_4)
FN:151,(anonymous_5)
FNF:6
FNH:6
FNDA:1,(anonymous_0)
FNDA:11996,(anonymous_1)
FNDA:5,(anonymous_2)
FNDA:8,(anonymous_3)
FNDA:11,(anonymous_4)
FNDA:12755,(anonymous_5)
DA:1,1
DA:4,1
DA:5,1
DA:6,1
DA:7,1
DA:9,1
DA:10,1
DA:13,1
DA:16,1
DA:18,11996
DA:20,6962
DA:23,242
DA:29,242
DA:30,8864
DA:31,6720
DA:32,2144
DA:33,1344
DA:34,800
DA:35,616
DA:36,184
DA:37,184
DA:41,242
DA:43,242
DA:46,6720
DA:47,11995
DA:48,11995
DA:49,11995
DA:53,1
DA:60,1
DA:85,5
DA:86,1
DA:90,4
DA:93,4
DA:95,4
DA:96,11
DA:99,4
DA:100,8
DA:103,4
DA:105,4
DA:106,11
DA:109,4
DA:110,11
DA:117,4
DA:118,4
DA:119,4
DA:121,10
DA:122,1
DA:126,9
DA:132,3
DA:134,3
DA:135,8
DA:138,3
DA:139,3
DA:140,8
DA:141,8
DA:145,3
DA:148,3
DA:151,3
DA:153,12755
DA:155,6321
DA:158,192
DA:159,192
DA:177,192
DA:178,759
DA:180,759
DA:181,759
DA:190,192
DA:191,7912
DA:192,7912
DA:193,7912
DA:197,192
DA:199,192
DA:202,6129
DA:203,12752
DA:204,12752
DA:205,12752
DA:209,3
DA:210,3
LF:78
LH:78
BRDA:18,0,0,5034
BRDA:18,0,1,6962
BRDA:20,1,0,242
BRDA:20,1,1,6720
BRDA:30,2,0,6720
BRDA:30,2,1,2144
BRDA:32,3,0,1344
BRDA:32,3,1,800
BRDA:34,4,0,616
BRDA:34,4,1,184
BRDA:36,5,0,184
BRDA:36,5,1,0
BRDA:85,6,0,1
BRDA:85,6,1,4
BRDA:121,7,0,1
BRDA:121,7,1,9
BRDA:153,8,0,6434
BRDA:153,8,1,6321
BRDA:155,9,0,192
BRDA:155,9,1,6129
BRDA:192,10,0,7912
BRDA:192,10,1,0
BRF:22
BRH:20
end_of_record
TN:
SF:client/src/App.js
FN:11,(anonymous_0)
FN:14,(anonymous_1)
FN:19,(anonymous_2)
FNF:3
FNH:3
FNDA:1,(anonymous_0)
FNDA:1,(anonymous_1)
FNDA:1,(anonymous_2)
DA:11,1
DA:12,1
DA:14,1
DA:15,1
DA:16,0
DA:19,1
DA:20,1
DA:23,1
LF:8
LH:7
BRF:0
BRH:0
end_of_record
TN:
SF:client/src/components/EndpointOnePage.jsx
FN:5,(anonymous_0)
FNF:1
FNH:0
FNDA:0,(anonymous_0)
DA:5,1
DA:7,0
LF:2
LH:1
BRF:0
BRH:0
end_of_record
TN:
SF:client/src/components/EndpointTwoPage.jsx
FN:6,(anonymous_0)
FNF:1
FNH:0
FNDA:0,(anonymous_0)
DA:6,1
DA:8,0
DA:10,0
DA:12,0
LF:4
LH:1
BRF:0
BRH:0
end_of_record
TN:
SF:client/src/components/FormPage.jsx
FN:11,(anonymous_0)
FN:20,(anonymous_1)
FN:23,(anonymous_2)
FN:44,(anonymous_3)
FN:57,(anonymous_4)
FN:69,(anonymous_5)
FN:77,(anonymous_6)
FNF:7
FNH:0
FNDA:0,(anonymous_0)
FNDA:0,(anonymous_1)
FNDA:0,(anonymous_2)
FNDA:0,(anonymous_3)
FNDA:0,(anonymous_4)
FNDA:0,(anonymous_5)
FNDA:0,(anonymous_6)
DA:11,1
DA:13,0
DA:14,0
DA:20,0
DA:21,0
DA:22,0
DA:23,0
DA:24,0
DA:27,0
DA:35,0
DA:38,0
DA:42,0
DA:44,0
DA:45,0
DA:47,0
DA:50,0
DA:58,0
DA:69,0
DA:77,0
LF:19
LH:1
BRF:0
BRH:0
end_of_record
TN:
SF:client/src/components/HomePage.jsx
FN:9,(anonymous_0)
FNF:1
FNH:1
FNDA:1,(anonymous_0)
DA:9,1
DA:11,1
LF:2
LH:2
BRF:0
BRH:0
end_of_record
